<?xml version="1.0" encoding="UTF-8"?>
<testsuite xmlns:xsi="http://www.w3.org/2001/XMLSchema-instance" xsi:noNamespaceSchemaLocation="https://maven.apache.org/surefire/maven-surefire-plugin/xsd/surefire-test-report.xsd" version="3.0.2" name="AuthTests" time="2.273" tests="12" errors="0" skipped="0" failures="0">
  <properties>
    <property name="java.specification.version" value="22"/>
    <property name="sun.jnu.encoding" value="UTF-8"/>
    <property name="java.class.path" value="/home/reed/Git/onetimetracking/target/test-classes:/home/reed/Git/onetimetracking/target/classes:/home/reed/.m2/repository/io/javalin/javalin/6.6.0/javalin-6.6.0.jar:/home/reed/.m2/repository/org/slf4j/slf4j-api/2.0.17/slf4j-api-2.0.17.jar:/home/reed/.m2/repository/org/eclipse/jetty/jetty-server/11.0.25/jetty-server-11.0.25.jar:/home/reed/.m2/repository/org/eclipse/jetty/jetty-http/11.0.25/jetty-http-11.0.25.jar:/home/reed/.m2/repository/org/eclipse/jetty/jetty-util/11.0.25/jetty-util-11.0.25.jar:/home/reed/.m2/repository/org/eclipse/jetty/jetty-io/11.0.25/jetty-io-11.0.25.jar:/home/reed/.m2/repository/org/eclipse/jetty/toolchain/jetty-jakarta-servlet-api/5.0.2/jetty-jakarta-servlet-api-5.0.2.jar:/home/reed/.m2/repository/org/eclipse/jetty/websocket/websocket-jetty-server/11.0.25/websocket-jetty-server-11.0.25.jar:/home/reed/.m2/repository/org/eclipse/jetty/jetty-servlet/11.0.25/jetty-servlet-11.0.25.jar:/home/reed/.m2/repository/org/eclipse/jetty/jetty-security/11.0.25/jetty-security-11.0.25.jar:/home/reed/.m2/repository/org/eclipse/jetty/jetty-webapp/11.0.25/jetty-webapp-11.0.25.jar:/home/reed/.m2/repository/org/eclipse/jetty/jetty-xml/11.0.25/jetty-xml-11.0.25.jar:/home/reed/.m2/repository/org/eclipse/jetty/websocket/websocket-jetty-api/11.0.25/websocket-jetty-api-11.0.25.jar:/home/reed/.m2/repository/org/eclipse/jetty/websocket/websocket-jetty-common/11.0.25/websocket-jetty-common-11.0.25.jar:/home/reed/.m2/repository/org/eclipse/jetty/websocket/websocket-core-common/11.0.25/websocket-core-common-11.0.25.jar:/home/reed/.m2/repository/org/eclipse/jetty/websocket/websocket-servlet/11.0.25/websocket-servlet-11.0.25.jar:/home/reed/.m2/repository/org/eclipse/jetty/websocket/websocket-core-server/11.0.25/websocket-core-server-11.0.25.jar:/home/reed/.m2/repository/org/jetbrains/kotlin/kotlin-stdlib-jdk8/1.9.25/kotlin-stdlib-jdk8-1.9.25.jar:/home/reed/.m2/repository/org/jetbrains/kotlin/kotlin-stdlib-jdk7/1.9.25/kotlin-stdlib-jdk7-1.9.25.jar:/home/reed/.m2/repository/io/javalin/community/openapi/javalin-openapi-plugin/6.6.0/javalin-openapi-plugin-6.6.0.jar:/home/reed/.m2/repository/io/javalin/community/openapi/openapi-specification/6.6.0/openapi-specification-6.6.0.jar:/home/reed/.m2/repository/com/fasterxml/jackson/module/jackson-module-kotlin/2.18.1/jackson-module-kotlin-2.18.1.jar:/home/reed/.m2/repository/org/jetbrains/kotlin/kotlin-reflect/1.8.10/kotlin-reflect-1.8.10.jar:/home/reed/.m2/repository/org/jetbrains/kotlin/kotlin-stdlib/1.9.22/kotlin-stdlib-1.9.22.jar:/home/reed/.m2/repository/org/jetbrains/annotations/13.0/annotations-13.0.jar:/home/reed/.m2/repository/io/javalin/community/openapi/javalin-swagger-plugin/6.6.0/javalin-swagger-plugin-6.6.0.jar:/home/reed/.m2/repository/org/webjars/swagger-ui/5.17.14/swagger-ui-5.17.14.jar:/home/reed/.m2/repository/io/javalin/community/openapi/javalin-redoc-plugin/6.6.0/javalin-redoc-plugin-6.6.0.jar:/home/reed/.m2/repository/org/webjars/npm/redoc/2.1.4/redoc-2.1.4.jar:/home/reed/.m2/repository/org/webjars/npm/js-tokens/8.0.2/js-tokens-8.0.2.jar:/home/reed/.m2/repository/com/google/code/gson/gson/2.10.1/gson-2.10.1.jar:/home/reed/.m2/repository/org/slf4j/slf4j-simple/2.0.13/slf4j-simple-2.0.13.jar:/home/reed/.m2/repository/org/postgresql/postgresql/42.7.7/postgresql-42.7.7.jar:/home/reed/.m2/repository/org/checkerframework/checker-qual/3.49.3/checker-qual-3.49.3.jar:/home/reed/.m2/repository/com/auth0/java-jwt/4.5.0/java-jwt-4.5.0.jar:/home/reed/.m2/repository/com/fasterxml/jackson/core/jackson-core/2.15.4/jackson-core-2.15.4.jar:/home/reed/.m2/repository/com/fasterxml/jackson/core/jackson-databind/2.15.4/jackson-databind-2.15.4.jar:/home/reed/.m2/repository/com/fasterxml/jackson/core/jackson-annotations/2.15.4/jackson-annotations-2.15.4.jar:/home/reed/.m2/repository/at/favre/lib/bcrypt/0.10.2/bcrypt-0.10.2.jar:/home/reed/.m2/repository/at/favre/lib/bytes/1.5.0/bytes-1.5.0.jar:/home/reed/.m2/repository/org/eclipse/angus/angus-mail/2.0.3/angus-mail-2.0.3.jar:/home/reed/.m2/repository/jakarta/activation/jakarta.activation-api/2.1.3/jakarta.activation-api-2.1.3.jar:/home/reed/.m2/repository/org/eclipse/angus/angus-activation/2.0.2/angus-activation-2.0.2.jar:/home/reed/.m2/repository/jakarta/mail/jakarta.mail-api/2.1.3/jakarta.mail-api-2.1.3.jar:/home/reed/.m2/repository/org/jsoup/jsoup/1.21.1/jsoup-1.21.1.jar:/home/reed/.m2/repository/org/junit/jupiter/junit-jupiter/5.10.3/junit-jupiter-5.10.3.jar:/home/reed/.m2/repository/org/junit/jupiter/junit-jupiter-api/5.10.3/junit-jupiter-api-5.10.3.jar:/home/reed/.m2/repository/org/opentest4j/opentest4j/1.3.0/opentest4j-1.3.0.jar:/home/reed/.m2/repository/org/junit/platform/junit-platform-commons/1.10.3/junit-platform-commons-1.10.3.jar:/home/reed/.m2/repository/org/apiguardian/apiguardian-api/1.1.2/apiguardian-api-1.1.2.jar:/home/reed/.m2/repository/org/junit/jupiter/junit-jupiter-params/5.10.3/junit-jupiter-params-5.10.3.jar:/home/reed/.m2/repository/org/junit/jupiter/junit-jupiter-engine/5.10.3/junit-jupiter-engine-5.10.3.jar:/home/reed/.m2/repository/org/junit/platform/junit-platform-engine/1.10.3/junit-platform-engine-1.10.3.jar:/home/reed/.m2/repository/org/mockito/mockito-inline/5.2.0/mockito-inline-5.2.0.jar:/home/reed/.m2/repository/org/mockito/mockito-core/5.2.0/mockito-core-5.2.0.jar:/home/reed/.m2/repository/net/bytebuddy/byte-buddy/1.14.1/byte-buddy-1.14.1.jar:/home/reed/.m2/repository/net/bytebuddy/byte-buddy-agent/1.14.1/byte-buddy-agent-1.14.1.jar:/home/reed/.m2/repository/org/objenesis/objenesis/3.3/objenesis-3.3.jar:/home/reed/.m2/repository/io/javalin/javalin-testtools/6.6.0/javalin-testtools-6.6.0.jar:/home/reed/.m2/repository/com/squareup/okhttp3/okhttp/4.12.0/okhttp-4.12.0.jar:/home/reed/.m2/repository/com/squareup/okio/okio/3.6.0/okio-3.6.0.jar:/home/reed/.m2/repository/com/squareup/okio/okio-jvm/3.6.0/okio-jvm-3.6.0.jar:/home/reed/.m2/repository/org/jetbrains/kotlin/kotlin-stdlib-common/1.9.10/kotlin-stdlib-common-1.9.10.jar:"/>
    <property name="java.vm.vendor" value="Oracle Corporation"/>
    <property name="sun.arch.data.model" value="64"/>
    <property name="net.bytebuddy.experimental" value="true"/>
    <property name="java.vendor.url" value="https://java.oracle.com/"/>
    <property name="user.timezone" value="Europe/Berlin"/>
    <property name="os.name" value="Linux"/>
    <property name="java.vm.specification.version" value="22"/>
    <property name="sun.java.launcher" value="SUN_STANDARD"/>
    <property name="user.country" value="US"/>
    <property name="sun.boot.library.path" value="/home/reed/.jdks/openjdk-22.0.2/lib"/>
    <property name="sun.java.command" value="/home/reed/Git/onetimetracking/target/surefire/surefirebooter-20250706140437449_3.jar /home/reed/Git/onetimetracking/target/surefire 2025-07-06T14-04-37_398-jvmRun1 surefire-20250706140437449_1tmp surefire_0-20250706140437449_2tmp"/>
    <property name="jdk.debug" value="release"/>
    <property name="surefire.test.class.path" value="/home/reed/Git/onetimetracking/target/test-classes:/home/reed/Git/onetimetracking/target/classes:/home/reed/.m2/repository/io/javalin/javalin/6.6.0/javalin-6.6.0.jar:/home/reed/.m2/repository/org/slf4j/slf4j-api/2.0.17/slf4j-api-2.0.17.jar:/home/reed/.m2/repository/org/eclipse/jetty/jetty-server/11.0.25/jetty-server-11.0.25.jar:/home/reed/.m2/repository/org/eclipse/jetty/jetty-http/11.0.25/jetty-http-11.0.25.jar:/home/reed/.m2/repository/org/eclipse/jetty/jetty-util/11.0.25/jetty-util-11.0.25.jar:/home/reed/.m2/repository/org/eclipse/jetty/jetty-io/11.0.25/jetty-io-11.0.25.jar:/home/reed/.m2/repository/org/eclipse/jetty/toolchain/jetty-jakarta-servlet-api/5.0.2/jetty-jakarta-servlet-api-5.0.2.jar:/home/reed/.m2/repository/org/eclipse/jetty/websocket/websocket-jetty-server/11.0.25/websocket-jetty-server-11.0.25.jar:/home/reed/.m2/repository/org/eclipse/jetty/jetty-servlet/11.0.25/jetty-servlet-11.0.25.jar:/home/reed/.m2/repository/org/eclipse/jetty/jetty-security/11.0.25/jetty-security-11.0.25.jar:/home/reed/.m2/repository/org/eclipse/jetty/jetty-webapp/11.0.25/jetty-webapp-11.0.25.jar:/home/reed/.m2/repository/org/eclipse/jetty/jetty-xml/11.0.25/jetty-xml-11.0.25.jar:/home/reed/.m2/repository/org/eclipse/jetty/websocket/websocket-jetty-api/11.0.25/websocket-jetty-api-11.0.25.jar:/home/reed/.m2/repository/org/eclipse/jetty/websocket/websocket-jetty-common/11.0.25/websocket-jetty-common-11.0.25.jar:/home/reed/.m2/repository/org/eclipse/jetty/websocket/websocket-core-common/11.0.25/websocket-core-common-11.0.25.jar:/home/reed/.m2/repository/org/eclipse/jetty/websocket/websocket-servlet/11.0.25/websocket-servlet-11.0.25.jar:/home/reed/.m2/repository/org/eclipse/jetty/websocket/websocket-core-server/11.0.25/websocket-core-server-11.0.25.jar:/home/reed/.m2/repository/org/jetbrains/kotlin/kotlin-stdlib-jdk8/1.9.25/kotlin-stdlib-jdk8-1.9.25.jar:/home/reed/.m2/repository/org/jetbrains/kotlin/kotlin-stdlib-jdk7/1.9.25/kotlin-stdlib-jdk7-1.9.25.jar:/home/reed/.m2/repository/io/javalin/community/openapi/javalin-openapi-plugin/6.6.0/javalin-openapi-plugin-6.6.0.jar:/home/reed/.m2/repository/io/javalin/community/openapi/openapi-specification/6.6.0/openapi-specification-6.6.0.jar:/home/reed/.m2/repository/com/fasterxml/jackson/module/jackson-module-kotlin/2.18.1/jackson-module-kotlin-2.18.1.jar:/home/reed/.m2/repository/org/jetbrains/kotlin/kotlin-reflect/1.8.10/kotlin-reflect-1.8.10.jar:/home/reed/.m2/repository/org/jetbrains/kotlin/kotlin-stdlib/1.9.22/kotlin-stdlib-1.9.22.jar:/home/reed/.m2/repository/org/jetbrains/annotations/13.0/annotations-13.0.jar:/home/reed/.m2/repository/io/javalin/community/openapi/javalin-swagger-plugin/6.6.0/javalin-swagger-plugin-6.6.0.jar:/home/reed/.m2/repository/org/webjars/swagger-ui/5.17.14/swagger-ui-5.17.14.jar:/home/reed/.m2/repository/io/javalin/community/openapi/javalin-redoc-plugin/6.6.0/javalin-redoc-plugin-6.6.0.jar:/home/reed/.m2/repository/org/webjars/npm/redoc/2.1.4/redoc-2.1.4.jar:/home/reed/.m2/repository/org/webjars/npm/js-tokens/8.0.2/js-tokens-8.0.2.jar:/home/reed/.m2/repository/com/google/code/gson/gson/2.10.1/gson-2.10.1.jar:/home/reed/.m2/repository/org/slf4j/slf4j-simple/2.0.13/slf4j-simple-2.0.13.jar:/home/reed/.m2/repository/org/postgresql/postgresql/42.7.7/postgresql-42.7.7.jar:/home/reed/.m2/repository/org/checkerframework/checker-qual/3.49.3/checker-qual-3.49.3.jar:/home/reed/.m2/repository/com/auth0/java-jwt/4.5.0/java-jwt-4.5.0.jar:/home/reed/.m2/repository/com/fasterxml/jackson/core/jackson-core/2.15.4/jackson-core-2.15.4.jar:/home/reed/.m2/repository/com/fasterxml/jackson/core/jackson-databind/2.15.4/jackson-databind-2.15.4.jar:/home/reed/.m2/repository/com/fasterxml/jackson/core/jackson-annotations/2.15.4/jackson-annotations-2.15.4.jar:/home/reed/.m2/repository/at/favre/lib/bcrypt/0.10.2/bcrypt-0.10.2.jar:/home/reed/.m2/repository/at/favre/lib/bytes/1.5.0/bytes-1.5.0.jar:/home/reed/.m2/repository/org/eclipse/angus/angus-mail/2.0.3/angus-mail-2.0.3.jar:/home/reed/.m2/repository/jakarta/activation/jakarta.activation-api/2.1.3/jakarta.activation-api-2.1.3.jar:/home/reed/.m2/repository/org/eclipse/angus/angus-activation/2.0.2/angus-activation-2.0.2.jar:/home/reed/.m2/repository/jakarta/mail/jakarta.mail-api/2.1.3/jakarta.mail-api-2.1.3.jar:/home/reed/.m2/repository/org/jsoup/jsoup/1.21.1/jsoup-1.21.1.jar:/home/reed/.m2/repository/org/junit/jupiter/junit-jupiter/5.10.3/junit-jupiter-5.10.3.jar:/home/reed/.m2/repository/org/junit/jupiter/junit-jupiter-api/5.10.3/junit-jupiter-api-5.10.3.jar:/home/reed/.m2/repository/org/opentest4j/opentest4j/1.3.0/opentest4j-1.3.0.jar:/home/reed/.m2/repository/org/junit/platform/junit-platform-commons/1.10.3/junit-platform-commons-1.10.3.jar:/home/reed/.m2/repository/org/apiguardian/apiguardian-api/1.1.2/apiguardian-api-1.1.2.jar:/home/reed/.m2/repository/org/junit/jupiter/junit-jupiter-params/5.10.3/junit-jupiter-params-5.10.3.jar:/home/reed/.m2/repository/org/junit/jupiter/junit-jupiter-engine/5.10.3/junit-jupiter-engine-5.10.3.jar:/home/reed/.m2/repository/org/junit/platform/junit-platform-engine/1.10.3/junit-platform-engine-1.10.3.jar:/home/reed/.m2/repository/org/mockito/mockito-inline/5.2.0/mockito-inline-5.2.0.jar:/home/reed/.m2/repository/org/mockito/mockito-core/5.2.0/mockito-core-5.2.0.jar:/home/reed/.m2/repository/net/bytebuddy/byte-buddy/1.14.1/byte-buddy-1.14.1.jar:/home/reed/.m2/repository/net/bytebuddy/byte-buddy-agent/1.14.1/byte-buddy-agent-1.14.1.jar:/home/reed/.m2/repository/org/objenesis/objenesis/3.3/objenesis-3.3.jar:/home/reed/.m2/repository/io/javalin/javalin-testtools/6.6.0/javalin-testtools-6.6.0.jar:/home/reed/.m2/repository/com/squareup/okhttp3/okhttp/4.12.0/okhttp-4.12.0.jar:/home/reed/.m2/repository/com/squareup/okio/okio/3.6.0/okio-3.6.0.jar:/home/reed/.m2/repository/com/squareup/okio/okio-jvm/3.6.0/okio-jvm-3.6.0.jar:/home/reed/.m2/repository/org/jetbrains/kotlin/kotlin-stdlib-common/1.9.10/kotlin-stdlib-common-1.9.10.jar:"/>
    <property name="sun.cpu.endian" value="little"/>
    <property name="user.home" value="/home/reed"/>
    <property name="user.language" value="en"/>
    <property name="java.specification.vendor" value="Oracle Corporation"/>
    <property name="java.version.date" value="2024-07-16"/>
    <property name="java.home" value="/home/reed/.jdks/openjdk-22.0.2"/>
    <property name="file.separator" value="/"/>
    <property name="basedir" value="/home/reed/Git/onetimetracking"/>
    <property name="java.vm.compressedOopsMode" value="Zero based"/>
    <property name="line.separator" value="&#10;"/>
    <property name="java.vm.specification.vendor" value="Oracle Corporation"/>
    <property name="java.specification.name" value="Java Platform API Specification"/>
    <property name="surefire.real.class.path" value="/home/reed/Git/onetimetracking/target/surefire/surefirebooter-20250706140437449_3.jar"/>
    <property name="sun.management.compiler" value="HotSpot 64-Bit Tiered Compilers"/>
    <property name="java.runtime.version" value="22.0.2+9-70"/>
    <property name="user.name" value="reed"/>
    <property name="stdout.encoding" value="UTF-8"/>
    <property name="path.separator" value=":"/>
    <property name="os.version" value="6.15.4-200.fc42.x86_64"/>
    <property name="java.runtime.name" value="OpenJDK Runtime Environment"/>
    <property name="file.encoding" value="UTF-8"/>
    <property name="java.vm.name" value="OpenJDK 64-Bit Server VM"/>
    <property name="localRepository" value="/home/reed/.m2/repository"/>
    <property name="java.vendor.url.bug" value="https://bugreport.java.com/bugreport/"/>
    <property name="java.io.tmpdir" value="/tmp"/>
    <property name="idea.version" value="2025.1.3"/>
    <property name="java.version" value="22.0.2"/>
    <property name="user.dir" value="/home/reed/Git/onetimetracking"/>
    <property name="os.arch" value="amd64"/>
    <property name="java.vm.specification.name" value="Java Virtual Machine Specification"/>
    <property name="native.encoding" value="UTF-8"/>
    <property name="java.library.path" value=":/usr/java/packages/lib:/usr/lib64:/lib64:/lib:/usr/lib"/>
    <property name="java.vm.info" value="mixed mode, sharing"/>
    <property name="stderr.encoding" value="UTF-8"/>
    <property name="java.vendor" value="Oracle Corporation"/>
    <property name="java.vm.version" value="22.0.2+9-70"/>
    <property name="sun.io.unicode.encoding" value="UnicodeLittle"/>
    <property name="java.class.version" value="66.0"/>
  </properties>
  <testcase name="testLoginSuccess" classname="AuthTests" time="1.107">
    <system-err><![CDATA[WARNING: A Java agent has been loaded dynamically (/home/reed/.m2/repository/net/bytebuddy/byte-buddy-agent/1.14.1/byte-buddy-agent-1.14.1.jar)
WARNING: If a serviceability tool is in use, please run with -XX:+EnableDynamicAgentLoading to hide this warning
WARNING: If a serviceability tool is not in use, please run with -Djdk.instrument.traceUsage for more information
WARNING: Dynamic loading of agents will be disallowed by default in a future release
]]></system-err>
  </testcase>
  <testcase name="testLoginFail" classname="AuthTests" time="0.429"/>
  <testcase name="testGenJWTAndValidate" classname="AuthTests" time="0.108"/>
  <testcase name="testValidateTokenWithCookie" classname="AuthTests" time="0.157"/>
  <testcase name="testGetUserFromContextWithCookie" classname="AuthTests" time="0.002"/>
  <testcase name="testCreateRandomPassword" classname="AuthTests" time="0.006"/>
  <testcase name="testHashPasswordAndVerify" classname="AuthTests" time="0.435"/>
  <testcase name="testIsUserAdmin" classname="AuthTests" time="0.004"/>
  <testcase name="testIsUserGroup" classname="AuthTests" time="0.002"/>
  <testcase name="testGetUserFromContextWithApiToken" classname="AuthTests" time="0.002"/>
  <testcase name="testGenerateApiToken" classname="AuthTests" time="0.002"/>
  <testcase name="testValidateTokenWithApiToken" classname="AuthTests" time="0.001"/>
</testsuite>